  [1m[35m (85.0ms)[0m  [1m[35mCREATE TABLE "schema_migrations" ("version" character varying PRIMARY KEY)[0m
  [1m[35m (100.4ms)[0m  [1m[35mCREATE TABLE "ar_internal_metadata" ("key" character varying PRIMARY KEY, "value" character varying, "created_at" timestamp NOT NULL, "updated_at" timestamp NOT NULL)[0m
  [1m[35m (0.2ms)[0m  [1m[34mSELECT pg_try_advisory_lock(3086658897090115200);[0m
  [1m[36mActiveRecord::SchemaMigration Load (0.3ms)[0m  [1m[34mSELECT "schema_migrations".* FROM "schema_migrations"[0m
Migrating to DeviseCreateUsers (20160911210248)
  [1m[35m (0.1ms)[0m  [1m[35mBEGIN[0m
  [1m[35m (63.6ms)[0m  [1m[35mCREATE TABLE "users" ("id" serial primary key, "email" character varying DEFAULT '' NOT NULL, "encrypted_password" character varying DEFAULT '' NOT NULL, "reset_password_token" character varying, "reset_password_sent_at" timestamp, "remember_created_at" timestamp, "sign_in_count" integer DEFAULT 0 NOT NULL, "current_sign_in_at" timestamp, "last_sign_in_at" timestamp, "current_sign_in_ip" inet, "last_sign_in_ip" inet, "created_at" timestamp NOT NULL, "updated_at" timestamp NOT NULL)[0m
  [1m[35m (24.2ms)[0m  [1m[35mCREATE UNIQUE INDEX  "index_users_on_email" ON "users"  ("email")[0m
  [1m[35m (23.6ms)[0m  [1m[35mCREATE UNIQUE INDEX  "index_users_on_reset_password_token" ON "users"  ("reset_password_token")[0m
  [1m[35mSQL (0.3ms)[0m  [1m[32mINSERT INTO "schema_migrations" ("version") VALUES ($1) RETURNING "version"[0m  [["version", "20160911210248"]]
  [1m[35m (9.4ms)[0m  [1m[35mCOMMIT[0m
  [1m[36mActiveRecord::InternalMetadata Load (0.3ms)[0m  [1m[34mSELECT  "ar_internal_metadata".* FROM "ar_internal_metadata" WHERE "ar_internal_metadata"."key" = $1 LIMIT $2[0m  [["key", :environment], ["LIMIT", 1]]
  [1m[35m (0.1ms)[0m  [1m[35mBEGIN[0m
  [1m[35mSQL (0.3ms)[0m  [1m[32mINSERT INTO "ar_internal_metadata" ("key", "value", "created_at", "updated_at") VALUES ($1, $2, $3, $4) RETURNING "key"[0m  [["key", "environment"], ["value", "development"], ["created_at", 2016-09-11 21:03:02 UTC], ["updated_at", 2016-09-11 21:03:02 UTC]]
  [1m[35m (12.4ms)[0m  [1m[35mCOMMIT[0m
  [1m[35m (0.2ms)[0m  [1m[34mSELECT pg_advisory_unlock(3086658897090115200)[0m
  [1m[36mActiveRecord::SchemaMigration Load (0.2ms)[0m  [1m[34mSELECT "schema_migrations".* FROM "schema_migrations"[0m
  [1m[35m (1.4ms)[0m  [1m[34mSELECT t2.oid::regclass::text AS to_table, a1.attname AS column, a2.attname AS primary_key, c.conname AS name, c.confupdtype AS on_update, c.confdeltype AS on_delete
FROM pg_constraint c
JOIN pg_class t1 ON c.conrelid = t1.oid
JOIN pg_class t2 ON c.confrelid = t2.oid
JOIN pg_attribute a1 ON a1.attnum = c.conkey[1] AND a1.attrelid = t1.oid
JOIN pg_attribute a2 ON a2.attnum = c.confkey[1] AND a2.attrelid = t2.oid
JOIN pg_namespace t3 ON c.connamespace = t3.oid
WHERE c.contype = 'f'
  AND t1.relname = 'users'
  AND t3.nspname = ANY (current_schemas(false))
ORDER BY c.conname
[0m
  [1m[35m (0.2ms)[0m  [1m[34mSELECT pg_try_advisory_lock(3086658897090115200);[0m
  [1m[36mActiveRecord::SchemaMigration Load (0.2ms)[0m  [1m[34mSELECT "schema_migrations".* FROM "schema_migrations"[0m
Migrating to AddUsernameToUsers (20160911210702)
  [1m[35m (0.1ms)[0m  [1m[35mBEGIN[0m
  [1m[35m (0.3ms)[0m  [1m[35mALTER TABLE "users" ADD "username" character varying[0m
  [1m[35m (38.5ms)[0m  [1m[35mCREATE UNIQUE INDEX  "index_users_on_username" ON "users"  ("username")[0m
  [1m[35mSQL (0.3ms)[0m  [1m[32mINSERT INTO "schema_migrations" ("version") VALUES ($1) RETURNING "version"[0m  [["version", "20160911210702"]]
  [1m[35m (8.8ms)[0m  [1m[35mCOMMIT[0m
  [1m[36mActiveRecord::InternalMetadata Load (0.2ms)[0m  [1m[34mSELECT  "ar_internal_metadata".* FROM "ar_internal_metadata" WHERE "ar_internal_metadata"."key" = $1 LIMIT $2[0m  [["key", :environment], ["LIMIT", 1]]
  [1m[35m (0.1ms)[0m  [1m[35mBEGIN[0m
  [1m[35m (0.1ms)[0m  [1m[35mCOMMIT[0m
  [1m[35m (0.2ms)[0m  [1m[34mSELECT pg_advisory_unlock(3086658897090115200)[0m
  [1m[36mActiveRecord::SchemaMigration Load (0.1ms)[0m  [1m[34mSELECT "schema_migrations".* FROM "schema_migrations"[0m
  [1m[35m (1.5ms)[0m  [1m[34mSELECT t2.oid::regclass::text AS to_table, a1.attname AS column, a2.attname AS primary_key, c.conname AS name, c.confupdtype AS on_update, c.confdeltype AS on_delete
FROM pg_constraint c
JOIN pg_class t1 ON c.conrelid = t1.oid
JOIN pg_class t2 ON c.confrelid = t2.oid
JOIN pg_attribute a1 ON a1.attnum = c.conkey[1] AND a1.attrelid = t1.oid
JOIN pg_attribute a2 ON a2.attnum = c.confkey[1] AND a2.attrelid = t2.oid
JOIN pg_namespace t3 ON c.connamespace = t3.oid
WHERE c.contype = 'f'
  AND t1.relname = 'users'
  AND t3.nspname = ANY (current_schemas(false))
ORDER BY c.conname
[0m
Started GET "/" for 127.0.0.1 at 2016-09-11 22:22:07 +0100
  [1m[36mActiveRecord::SchemaMigration Load (0.4ms)[0m  [1m[34mSELECT "schema_migrations".* FROM "schema_migrations"[0m
Processing by LandingPageController#index as HTML
  Rendering landing_page/index.html.erb within layouts/application
  Rendered landing_page/index.html.erb within layouts/application (0.8ms)
Completed 200 OK in 539ms (Views: 526.6ms | ActiveRecord: 0.0ms)


Started GET "/" for 127.0.0.1 at 2016-09-11 22:22:10 +0100
Processing by LandingPageController#index as HTML
  Rendering landing_page/index.html.erb within layouts/application
  Rendered landing_page/index.html.erb within layouts/application (0.4ms)
Completed 200 OK in 39ms (Views: 37.5ms | ActiveRecord: 0.0ms)


Started GET "/users/sign_up" for 127.0.0.1 at 2016-09-11 22:22:13 +0100
Processing by Devise::RegistrationsController#new as HTML
  Rendering devise/registrations/new.html.erb within layouts/application
  Rendered devise/shared/_links.html.erb (0.8ms)
  Rendered devise/registrations/new.html.erb within layouts/application (16.5ms)
Completed 200 OK in 64ms (Views: 42.5ms | ActiveRecord: 5.2ms)


Started POST "/users" for 127.0.0.1 at 2016-09-11 22:22:16 +0100
Processing by Devise::RegistrationsController#create as HTML
  Parameters: {"utf8"=>"✓", "authenticity_token"=>"U3o9XBBcaDz0pIlKFuO4DPngQtq3aJa7A7iJ2fN5SK1yI7JI/u7cEwWRSWIW6F4PFqKM+hG2Kty3i0QoR5vW6w==", "user"=>{"username"=>"", "email"=>"", "password"=>"[FILTERED]", "password_confirmation"=>"[FILTERED]"}, "commit"=>"Sign up"}
  [1m[35m (0.1ms)[0m  [1m[35mBEGIN[0m
  [1m[35m (0.1ms)[0m  [1m[31mROLLBACK[0m
  Rendering devise/registrations/new.html.erb within layouts/application
  Rendered devise/shared/_links.html.erb (0.7ms)
  Rendered devise/registrations/new.html.erb within layouts/application (5.2ms)
Completed 200 OK in 43ms (Views: 37.0ms | ActiveRecord: 0.2ms)


Started GET "/" for 127.0.0.1 at 2016-09-11 22:25:56 +0100
  [1m[36mActiveRecord::SchemaMigration Load (0.2ms)[0m  [1m[34mSELECT "schema_migrations".* FROM "schema_migrations"[0m
Processing by LandingPageController#index as HTML
  Rendering landing_page/index.html.erb within layouts/application
  Rendered landing_page/index.html.erb within layouts/application (1.1ms)
Started GET "/" for 127.0.0.1 at 2016-09-11 22:25:56 +0100
Processing by LandingPageController#index as HTML
  Rendering landing_page/index.html.erb within layouts/application
  Rendered landing_page/index.html.erb within layouts/application (0.5ms)
Completed 200 OK in 326ms (Views: 313.7ms | ActiveRecord: 0.0ms)


Completed 200 OK in 97ms (Views: 94.7ms | ActiveRecord: 0.0ms)


Started GET "/users/sign_up" for 127.0.0.1 at 2016-09-11 22:25:58 +0100
Processing by Devise::RegistrationsController#new as HTML
  Rendering devise/registrations/new.html.erb within layouts/application
  Rendered devise/shared/_links.html.erb (1.5ms)
  Rendered devise/registrations/new.html.erb within layouts/application (33.0ms)
Completed 200 OK in 92ms (Views: 66.3ms | ActiveRecord: 3.8ms)


Started POST "/users" for 127.0.0.1 at 2016-09-11 22:25:59 +0100
Processing by Devise::RegistrationsController#create as HTML
  Parameters: {"utf8"=>"✓", "authenticity_token"=>"DrR5MYOjRAnExzCxC1lfq0SMs58D06moPZJylMvThwgv7fYlbRHwJjXy8JkLUrmoq859v6UNFc+Job9lfzEZTg==", "user"=>{"username"=>"", "email"=>"", "password"=>"[FILTERED]", "password_confirmation"=>"[FILTERED]"}, "commit"=>"Sign up"}
  [1m[35m (0.1ms)[0m  [1m[35mBEGIN[0m
  [1m[35m (0.1ms)[0m  [1m[31mROLLBACK[0m
  Rendering devise/registrations/new.html.erb within layouts/application
  Rendered devise/shared/_links.html.erb (0.9ms)
  Rendered devise/registrations/new.html.erb within layouts/application (5.1ms)
Completed 200 OK in 51ms (Views: 42.6ms | ActiveRecord: 0.2ms)


Started POST "/users" for 127.0.0.1 at 2016-09-11 22:26:08 +0100
Processing by Devise::RegistrationsController#create as HTML
  Parameters: {"utf8"=>"✓", "authenticity_token"=>"pYeDBaQeIfseRx9eb8Qt7CRALhQUebH3jtCH8ceChAA4gT6JE/fYbh1nx6z39ByDXWTqJi9uMwqu1Xa2aEiihQ==", "user"=>{"username"=>"sfdsaf", "email"=>"sfjsafs@dsafas.com", "password"=>"[FILTERED]", "password_confirmation"=>"[FILTERED]"}, "commit"=>"Sign up"}
  [1m[35m (0.2ms)[0m  [1m[35mBEGIN[0m
  [1m[36mUser Exists (0.7ms)[0m  [1m[34mSELECT  1 AS one FROM "users" WHERE "users"."email" = $1 LIMIT $2[0m  [["email", "sfjsafs@dsafas.com"], ["LIMIT", 1]]
  [1m[35mSQL (0.6ms)[0m  [1m[32mINSERT INTO "users" ("email", "encrypted_password", "created_at", "updated_at", "username") VALUES ($1, $2, $3, $4, $5) RETURNING "id"[0m  [["email", "sfjsafs@dsafas.com"], ["encrypted_password", "$2a$11$bogZ92Vj8USPlpxOcZKxceHT4P2NqpUoDjY.4Ub3lkg0n2.Fh0pwS"], ["created_at", 2016-09-11 21:26:09 UTC], ["updated_at", 2016-09-11 21:26:09 UTC], ["username", "sfdsaf"]]
  [1m[35m (15.7ms)[0m  [1m[35mCOMMIT[0m
  [1m[35m (0.1ms)[0m  [1m[35mBEGIN[0m
  [1m[35mSQL (0.6ms)[0m  [1m[33mUPDATE "users" SET "sign_in_count" = $1, "current_sign_in_at" = $2, "last_sign_in_at" = $3, "current_sign_in_ip" = $4, "last_sign_in_ip" = $5, "updated_at" = $6 WHERE "users"."id" = $7[0m  [["sign_in_count", 1], ["current_sign_in_at", 2016-09-11 21:26:09 UTC], ["last_sign_in_at", 2016-09-11 21:26:09 UTC], ["current_sign_in_ip", "127.0.0.1/32"], ["last_sign_in_ip", "127.0.0.1/32"], ["updated_at", 2016-09-11 21:26:09 UTC], ["id", 1]]
  [1m[35m (14.5ms)[0m  [1m[35mCOMMIT[0m
Redirected to http://localhost:3000/
Completed 302 Found in 179ms (ActiveRecord: 32.4ms)


Started GET "/" for 127.0.0.1 at 2016-09-11 22:26:09 +0100
Processing by LandingPageController#index as HTML
  [1m[36mUser Load (0.9ms)[0m  [1m[34mSELECT  "users".* FROM "users" WHERE "users"."id" = $1 ORDER BY "users"."id" ASC LIMIT $2[0m  [["id", 1], ["LIMIT", 1]]
Redirected to http://localhost:3000/home
Completed 302 Found in 3ms (ActiveRecord: 0.9ms)


Started GET "/home" for 127.0.0.1 at 2016-09-11 22:26:09 +0100
Processing by HomeController#index as HTML
  Rendering home/index.html.erb within layouts/application
  [1m[36mUser Load (0.7ms)[0m  [1m[34mSELECT  "users".* FROM "users" WHERE "users"."id" = $1 ORDER BY "users"."id" ASC LIMIT $2[0m  [["id", 1], ["LIMIT", 1]]
  Rendered home/index.html.erb within layouts/application (2.4ms)
Completed 200 OK in 31ms (Views: 29.7ms | ActiveRecord: 0.7ms)


Started GET "/home" for 127.0.0.1 at 2016-09-11 22:27:07 +0100
Processing by HomeController#index as HTML
  Rendering home/index.html.erb within layouts/application
  [1m[36mUser Load (0.3ms)[0m  [1m[34mSELECT  "users".* FROM "users" WHERE "users"."id" = $1 ORDER BY "users"."id" ASC LIMIT $2[0m  [["id", 1], ["LIMIT", 1]]
  Rendered home/index.html.erb within layouts/application (1.2ms)
Completed 200 OK in 30ms (Views: 28.9ms | ActiveRecord: 0.3ms)


Started GET "/home" for 127.0.0.1 at 2016-09-11 22:27:33 +0100
Processing by HomeController#index as HTML
  Rendering home/index.html.erb within layouts/application
  [1m[36mUser Load (0.3ms)[0m  [1m[34mSELECT  "users".* FROM "users" WHERE "users"."id" = $1 ORDER BY "users"."id" ASC LIMIT $2[0m  [["id", 1], ["LIMIT", 1]]
  Rendered home/index.html.erb within layouts/application (1.4ms)
Completed 200 OK in 34ms (Views: 33.2ms | ActiveRecord: 0.3ms)


Started GET "/home" for 127.0.0.1 at 2016-09-11 22:47:09 +0100
  [1m[36mActiveRecord::SchemaMigration Load (0.3ms)[0m  [1m[34mSELECT "schema_migrations".* FROM "schema_migrations"[0m
Processing by HomeController#index as HTML
  Rendering home/index.html.erb within layouts/application
  [1m[36mUser Load (0.5ms)[0m  [1m[34mSELECT  "users".* FROM "users" WHERE "users"."id" = $1 ORDER BY "users"."id" ASC LIMIT $2[0m  [["id", 1], ["LIMIT", 1]]
  Rendered home/index.html.erb within layouts/application (16.1ms)
Completed 200 OK in 304ms (Views: 288.7ms | ActiveRecord: 4.6ms)


Started GET "/" for 127.0.0.1 at 2016-09-11 22:47:15 +0100
Processing by LandingPageController#index as HTML
  [1m[36mUser Load (1.0ms)[0m  [1m[34mSELECT  "users".* FROM "users" WHERE "users"."id" = $1 ORDER BY "users"."id" ASC LIMIT $2[0m  [["id", 1], ["LIMIT", 1]]
Redirected to http://localhost:3000/home
Completed 302 Found in 4ms (ActiveRecord: 1.0ms)


Started GET "/home" for 127.0.0.1 at 2016-09-11 22:47:15 +0100
Processing by HomeController#index as HTML
  Rendering home/index.html.erb within layouts/application
  [1m[36mUser Load (1.2ms)[0m  [1m[34mSELECT  "users".* FROM "users" WHERE "users"."id" = $1 ORDER BY "users"."id" ASC LIMIT $2[0m  [["id", 1], ["LIMIT", 1]]
  Rendered home/index.html.erb within layouts/application (2.8ms)
Completed 200 OK in 23ms (Views: 21.2ms | ActiveRecord: 1.2ms)


Started DELETE "/users/sign_out" for 127.0.0.1 at 2016-09-11 22:47:17 +0100
Processing by Devise::SessionsController#destroy as HTML
  Parameters: {"authenticity_token"=>"2kjcuyoqrDT+Z5uRdrMrcoNX8epw1dclGWJ0SY9m54JHTmE3ncNVof1HQ2Pugxod+nM12EvCVdg5Z4UOIKzBBw=="}
  [1m[36mUser Load (0.9ms)[0m  [1m[34mSELECT  "users".* FROM "users" WHERE "users"."id" = $1 ORDER BY "users"."id" ASC LIMIT $2[0m  [["id", 1], ["LIMIT", 1]]
  [1m[35m (0.2ms)[0m  [1m[35mBEGIN[0m
  [1m[35m (0.1ms)[0m  [1m[35mCOMMIT[0m
Redirected to http://localhost:3000/
Completed 302 Found in 13ms (ActiveRecord: 1.2ms)


Started GET "/" for 127.0.0.1 at 2016-09-11 22:47:17 +0100
Processing by LandingPageController#index as HTML
  Rendering landing_page/index.html.erb within layouts/application
  Rendered landing_page/index.html.erb within layouts/application (0.3ms)
Completed 200 OK in 24ms (Views: 20.4ms | ActiveRecord: 0.0ms)


